1752134805406:fgfg
1752134807261:help
1752135277092:hei
1752135277846:help
1752136790159:history
1752136794935:help
1752215405374:history
1752215412937:help
1752215543059:history
1752215668940:help
1752277692893:mitä kuuluu?
1752277699721:help
1752277708606:p mitä kuuluu?
1752277750050:p "Kerro vitsi"
1752277762082:p Mitä Vimpelissä tapahtuu?
1752277773120:p "Mitä Vimpelissä tapahtuu?"
1752306161280:history
1752306170216:p "mitä sulle tänään kuuluu?"
1752306174407:history
1752306311826:hei, mitä kuuluu?
1752306315745:p "hei"
1752306325261:history
1752350294038:p tee jotain
1752350388323:peta
1752350399658:p testaa
1752350402969:p testaa jotain
1752350644143:p tee jotain
1752350646923:p joo näin
1752350820598:help
1752350827110:help p
1752350841161:p tee jotain
1752350847217:p
1752350921605:p hei vaan
1752350927191:hei vaan, mitä kuuluu
1752350934500:p hei vaan, mitä kuuluu
1752392279026:history
1752392355737:p hei, mitäs sulle tänään kuulu?
1752392362190:p ihan hyvää kiitos
1752392376418:history
1752392384236:exir
1752392385491:exit
1752392393581:history
1752392443776:p tallentaako tämä chatmemory-historiaa?
1752392454858:history
1752392457640:quit
1752392490260:history
1752396103090:help
1752396154422:h
1752396172802:help
1752396174317:h
1752396178324:p mitä kuuluuÅ
1752396961470:h
1752396963392:history
1752400449373:kuinka lämmin tänään on?
1752400458067:p kuinka lämmin tänään on?
1752400549043:p hei, kuinka lämmin tänään on?
1752400590832:p kuinka lämmin Espoossa on?
1752439629519:Mitä osakkeita kannattaa nyt ostaa?
1752439640381:p Mitä osakkeita kannattaa nyt ostaa?
1752443041791:niin
1752443144543:joo
1752443148160:help
1752443177314:entä nyt
1752443242231:okei
1752443263766:ff
1752443322833:ree
1752443330676:prompt mitä kuuluu?
1752443386646:mitä kuuluu
1752443391026:p mitä kuuluu?
1752443406058:help
1752443489748:joo
1752475468172:help
1752475482657:p mitä kuuluu junamatkalle?
1752475599276:help
1752476100601:hepl
1752476101669:help
1752478013703:msln
1752478022630:p missä ollaan?
1752478033442:p sijaintini
1752478042829:history
1752479177161:p What happens in the world right now?
1752479251535:p What is the best shell framework in Java?
1752479306576:p tell me, why spring shell is the best one?
1752479667529:help
1752479798289:p What is the best Java command-line shell framework?
1752479855608:p What makes Spring Shell so powerful?
1752479912399:p OK, thanks for the information
1752479919588:history
1752479929975:clear
1752479931380:history
1752480295155:p hi! Can you describe me the benefits of using Spring Shell framework?
1752480321058:help
1752480332674:p Ok! Thanks for the information!
1752480337327:clear
1752480339760:history
1752480344501:quit
